# JRE version: OpenJDK Runtime Environment (11.0.7+10) (build 11.0.7+10-post-Ubuntu-3ubuntu1)
# Java VM: OpenJDK 64-Bit Server VM (11.0.7+10-post-Ubuntu-3ubuntu1, mixed mode, sharing, tiered, compressed oops, g1 gc, linux-amd64)
Heap:
 garbage-first heap   total 497664K, used 345522K [0x0000000707800000, 0x0000000800000000)
  region size 1024K, 189 young (193536K), 22 survivors (22528K)
 Metaspace       used 83385K, capacity 85473K, committed 85888K, reserved 1124352K
  class space    used 10239K, capacity 11029K, committed 11136K, reserved 1048576K
GC Heap History (20 events):
Event: 35,518 GC heap before
{Heap before GC invocations=15 (full 0):
 garbage-first heap   total 497664K, used 180895K [0x0000000707800000, 0x0000000800000000)
  region size 1024K, 148 young (151552K), 11 survivors (11264K)
 Metaspace       used 71849K, capacity 73662K, committed 73856K, reserved 1114112K
  class space    used 9385K, capacity 10087K, committed 10112K, reserved 1048576K
}
Event: 35,539 GC heap after
{Heap after GC invocations=16 (full 0):
 garbage-first heap   total 497664K, used 44973K [0x0000000707800000, 0x0000000800000000)
  region size 1024K, 10 young (10240K), 10 survivors (10240K)
 Metaspace       used 71849K, capacity 73662K, committed 73856K, reserved 1114112K
  class space    used 9385K, capacity 10087K, committed 10112K, reserved 1048576K
}
Event: 7125,007 GC heap before
{Heap before GC invocations=16 (full 0):
 garbage-first heap   total 497664K, used 181165K [0x0000000707800000, 0x0000000800000000)
  region size 1024K, 144 young (147456K), 10 survivors (10240K)
 Metaspace       used 78185K, capacity 80129K, committed 80256K, reserved 1118208K
  class space    used 10086K, capacity 10856K, committed 10880K, reserved 1048576K
}
Event: 7125,026 GC heap after
{Heap after GC invocations=17 (full 0):
 garbage-first heap   total 497664K, used 57657K [0x0000000707800000, 0x0000000800000000)
  region size 1024K, 18 young (18432K), 18 survivors (18432K)
 Metaspace       used 78185K, capacity 80129K, committed 80256K, reserved 1118208K
  class space    used 10086K, capacity 10856K, committed 10880K, reserved 1048576K
}
Event: 26695,824 GC heap before
{Heap before GC invocations=17 (full 0):
 garbage-first heap   total 497664K, used 264505K [0x0000000707800000, 0x0000000800000000)
  region size 1024K, 221 young (226304K), 18 survivors (18432K)
 Metaspace       used 78698K, capacity 80679K, committed 81024K, reserved 1120256K
  class space    used 10092K, capacity 10867K, committed 10880K, reserved 1048576K
}
Event: 26695,864 GC heap after
{Heap after GC invocations=18 (full 0):
 garbage-first heap   total 497664K, used 91729K [0x0000000707800000, 0x0000000800000000)
  region size 1024K, 28 young (28672K), 28 survivors (28672K)
 Metaspace       used 78698K, capacity 80679K, committed 81024K, reserved 1120256K
  class space    used 10092K, capacity 10867K, committed 10880K, reserved 1048576K
}
Event: 49800,537 GC heap before
{Heap before GC invocations=18 (full 0):
 garbage-first heap   total 497664K, used 324177K [0x0000000707800000, 0x0000000800000000)
  region size 1024K, 256 young (262144K), 28 survivors (28672K)
 Metaspace       used 78964K, capacity 80936K, committed 81280K, reserved 1120256K
  class space    used 10093K, capacity 10867K, committed 10880K, reserved 1048576K
}
Event: 49800,563 GC heap after
{Heap after GC invocations=19 (full 0):
 garbage-first heap   total 497664K, used 119127K [0x0000000707800000, 0x0000000800000000)
  region size 1024K, 32 young (32768K), 32 survivors (32768K)
 Metaspace       used 78964K, capacity 80936K, committed 81280K, reserved 1120256K
  class space    used 10093K, capacity 10867K, committed 10880K, reserved 1048576K
}
Event: 71162,192 GC heap before
{Heap before GC invocations=19 (full 0):
 garbage-first heap   total 497664K, used 338263K [0x0000000707800000, 0x0000000800000000)
  region size 1024K, 247 young (252928K), 32 survivors (32768K)
 Metaspace       used 79088K, capacity 81065K, committed 81280K, reserved 1120256K
  class space    used 10094K, capacity 10867K, committed 10880K, reserved 1048576K
}
Event: 71162,227 GC heap after
{Heap after GC invocations=20 (full 0):
 garbage-first heap   total 497664K, used 133188K [0x0000000707800000, 0x0000000800000000)
  region size 1024K, 31 young (31744K), 31 survivors (31744K)
 Metaspace       used 79088K, capacity 81065K, committed 81280K, reserved 1120256K
  class space    used 10094K, capacity 10867K, committed 10880K, reserved 1048576K
}
Event: 92446,482 GC heap before
{Heap before GC invocations=20 (full 0):
 garbage-first heap   total 497664K, used 343108K [0x0000000707800000, 0x0000000800000000)
  region size 1024K, 237 young (242688K), 31 survivors (31744K)
 Metaspace       used 79365K, capacity 81386K, committed 81536K, reserved 1120256K
  class space    used 10094K, capacity 10867K, committed 10880K, reserved 1048576K
}
Event: 92446,499 GC heap after
{Heap after GC invocations=21 (full 0):
 garbage-first heap   total 497664K, used 146244K [0x0000000707800000, 0x0000000800000000)
  region size 1024K, 30 young (30720K), 30 survivors (30720K)
 Metaspace       used 79365K, capacity 81386K, committed 81536K, reserved 1120256K
  class space    used 10094K, capacity 10867K, committed 10880K, reserved 1048576K
}
Event: 111898,991 GC heap before
{Heap before GC invocations=21 (full 0):
 garbage-first heap   total 497664K, used 346948K [0x0000000707800000, 0x0000000800000000)
  region size 1024K, 227 young (232448K), 30 survivors (30720K)
 Metaspace       used 79366K, capacity 81386K, committed 81536K, reserved 1120256K
  class space    used 10094K, capacity 10867K, committed 10880K, reserved 1048576K
}
Event: 111899,007 GC heap after
{Heap after GC invocations=22 (full 0):
 garbage-first heap   total 497664K, used 157330K [0x0000000707800000, 0x0000000800000000)
  region size 1024K, 29 young (29696K), 29 survivors (29696K)
 Metaspace       used 79366K, capacity 81386K, committed 81536K, reserved 1120256K
  class space    used 10094K, capacity 10867K, committed 10880K, reserved 1048576K
}
Event: 129819,396 GC heap before
{Heap before GC invocations=22 (full 0):
 garbage-first heap   total 497664K, used 351890K [0x0000000707800000, 0x0000000800000000)
  region size 1024K, 220 young (225280K), 29 survivors (29696K)
 Metaspace       used 79394K, capacity 81450K, committed 81792K, reserved 1120256K
  class space    used 10094K, capacity 10867K, committed 10880K, reserved 1048576K
}
Event: 129819,412 GC heap after
{Heap after GC invocations=23 (full 0):
 garbage-first heap   total 497664K, used 167419K [0x0000000707800000, 0x0000000800000000)
  region size 1024K, 28 young (28672K), 28 survivors (28672K)
 Metaspace       used 79394K, capacity 81450K, committed 81792K, reserved 1120256K
  class space    used 10094K, capacity 10867K, committed 10880K, reserved 1048576K
}
Event: 147595,628 GC heap before
{Heap before GC invocations=23 (full 0):
 garbage-first heap   total 497664K, used 354811K [0x0000000707800000, 0x0000000800000000)
  region size 1024K, 212 young (217088K), 28 survivors (28672K)
 Metaspace       used 79421K, capacity 81450K, committed 81792K, reserved 1120256K
  class space    used 10094K, capacity 10867K, committed 10880K, reserved 1048576K
}
Event: 147595,642 GC heap after
{Heap after GC invocations=24 (full 0):
 garbage-first heap   total 497664K, used 177762K [0x0000000707800000, 0x0000000800000000)
  region size 1024K, 27 young (27648K), 27 survivors (27648K)
 Metaspace       used 79421K, capacity 81450K, committed 81792K, reserved 1120256K
  class space    used 10094K, capacity 10867K, committed 10880K, reserved 1048576K
}
Event: 157773,322 GC heap before
{Heap before GC invocations=24 (full 0):
 garbage-first heap   total 497664K, used 357986K [0x0000000707800000, 0x0000000800000000)
  region size 1024K, 204 young (208896K), 27 survivors (27648K)
 Metaspace       used 82212K, capacity 84314K, committed 84608K, reserved 1122304K
  class space    used 10233K, capacity 11026K, committed 11136K, reserved 1048576K
}
Event: 157773,343 GC heap after
{Heap after GC invocations=25 (full 0):
 garbage-first heap   total 497664K, used 176562K [0x0000000707800000, 0x0000000800000000)
  region size 1024K, 22 young (22528K), 22 survivors (22528K)
 Metaspace       used 82212K, capacity 84314K, committed 84608K, reserved 1122304K
  class space    used 10233K, capacity 11026K, committed 11136K, reserved 1048576K
}

